<?xml version="1.0" encoding="UTF-8"?>
<!-- Generated by org.testng.reporters.JUnitReportReporter -->
<testsuite hostname="Digvijay-SDET-Engg.local" failures="0" tests="2" name="com.qa.orange.hrm.orangeTestCases.EmployeePageTest" time="85.222" errors="0" timestamp="2024-02-12T11:35:52 IST" skipped="0">
  <testcase classname="com.qa.orange.hrm.orangeTestCases.EmployeePageTest" name="tc_hrm_employee_002" time="50.695"/>
  <system-out/>
  <testcase classname="com.qa.orange.hrm.orangeTestCases.EmployeePageTest" name="tc_hrm_employee_001" time="34.527"/>
  <system-out/>
</testsuite> <!-- com.qa.orange.hrm.orangeTestCases.EmployeePageTest -->
