<?xml version="1.0" encoding="UTF-8"?>
<!-- Generated by org.testng.reporters.JUnitReportReporter -->
<testsuite hostname="Digvijay-SDET-Engg.local" failures="0" tests="2" name="com.qa.orange.hrm.orangeTestCases.EmployeePageTest" time="55.955" errors="0" timestamp="2024-02-15T15:11:06 IST" skipped="0">
  <testcase classname="com.qa.orange.hrm.orangeTestCases.EmployeePageTest" name="tc_hrm_employee_001" time="30.070"/>
  <system-out/>
  <testcase classname="com.qa.orange.hrm.orangeTestCases.EmployeePageTest" name="tc_hrm_employee_001" time="25.885"/>
  <system-out/>
</testsuite> <!-- com.qa.orange.hrm.orangeTestCases.EmployeePageTest -->
