<?xml version="1.0" encoding="UTF-8"?>
<!-- Generated by org.testng.reporters.JUnitReportReporter -->
<testsuite hostname="Digvijay-SDET-Engg.local" failures="0" tests="2" name="com.qa.orange.hrm.orangeTestCases.EmployeePageTest" time="20.604" errors="0" timestamp="2024-02-12T12:50:49 IST" skipped="0">
  <testcase classname="com.qa.orange.hrm.orangeTestCases.EmployeePageTest" name="tc_hrm_employee_001" time="9.532"/>
  <system-out/>
  <testcase classname="com.qa.orange.hrm.orangeTestCases.EmployeePageTest" name="tc_hrm_employee_002" time="11.072"/>
  <system-out/>
</testsuite> <!-- com.qa.orange.hrm.orangeTestCases.EmployeePageTest -->
